<?xml version="1.0" encoding="UTF-8"?>
<!-- Generated by org.testng.reporters.JUnitXMLReporter -->
<testsuite ignored="0" hostname="DESKTOP-8C0LO3K" failures="1" tests="1" name="Login Test" time="11.929" errors="0" timestamp="2024-06-28T20:28:47 IST">
  <testcase classname="com.demowebshop.tests.LoginTest" name="verifyUserIsAbleToLoginWithValidCreds" time="3.31">
    <failure type="java.lang.AssertionError" message="Email did not match expected [jkbjbjkbk] but found [obsqura24@gmail.com]">
      <![CDATA[java.lang.AssertionError: Email did not match expected [jkbjbjkbk] but found [obsqura24@gmail.com]
at com.demowebshop.tests.LoginTest.verifyUserIsAbleToLoginWithValidCreds(LoginTest.java:15)
at java.base/java.util.ArrayList.forEach(ArrayList.java:1511)
at java.base/java.util.concurrent.FutureTask.run(FutureTask.java:264)
at java.base/java.util.concurrent.ThreadPoolExecutor.runWorker(ThreadPoolExecutor.java:1136)
at java.base/java.util.concurrent.ThreadPoolExecutor$Worker.run(ThreadPoolExecutor.java:635)
at java.base/java.lang.Thread.run(Thread.java:842)
... Removed 22 stack frames]]>
    </failure>
  </testcase> <!-- verifyUserIsAbleToLoginWithValidCreds -->
</testsuite> <!-- Login Test -->
