<?xml version="1.0" encoding="UTF-8"?>
<testng-results ignored="0" total="7" passed="7" failed="0" skipped="0">
  <reporter-output>
  </reporter-output>
  <suite started-at="2024-07-01T19:47:40 IST" name="Suite" finished-at="2024-07-01T19:48:18 IST" duration-ms="37762">
    <groups>
      <group name="Smoke">
        <method signature="RegisterationDP.verifyUserIsAbleToRegisterThroughDP(java.lang.String,java.lang.String,java.lang.String,java.lang.String)[pri:0, instance:com.demowebshop.tests.RegisterationDP@1787bc24]" name="verifyUserIsAbleToRegisterThroughDP" class="com.demowebshop.tests.RegisterationDP"/>
      </group> <!-- Smoke -->
    </groups>
    <test started-at="2024-07-01T19:47:40 IST" name="Search Test" finished-at="2024-07-01T19:48:02 IST" duration-ms="22350">
      <class name="com.demowebshop.tests.SearchTest">
        <test-method is-config="true" signature="initializeDriver(java.lang.String)[pri:0, instance:com.demowebshop.tests.SearchTest@479cbee5]" started-at="2024-07-01T19:47:40 IST" name="initializeDriver" finished-at="2024-07-01T19:47:48 IST" duration-ms="8201" status="PASS">
          <params>
            <param index="0">
              <value is-null="true"/>
            </param>
          </params>
          <reporter-output>
          </reporter-output>
        </test-method> <!-- initializeDriver -->
        <test-method signature="verifyUserIsAbleToSeeOnlySearchedItems()[pri:0, instance:com.demowebshop.tests.SearchTest@479cbee5]" started-at="2024-07-01T19:47:48 IST" name="verifyUserIsAbleToSeeOnlySearchedItems" finished-at="2024-07-01T19:47:54 IST" duration-ms="6081" status="PASS">
          <reporter-output>
          </reporter-output>
        </test-method> <!-- verifyUserIsAbleToSeeOnlySearchedItems -->
        <test-method is-config="true" signature="tearDown()[pri:0, instance:com.demowebshop.tests.SearchTest@479cbee5]" started-at="2024-07-01T19:47:54 IST" name="tearDown" finished-at="2024-07-01T19:48:02 IST" duration-ms="7954" status="PASS">
          <reporter-output>
          </reporter-output>
        </test-method> <!-- tearDown -->
      </class> <!-- com.demowebshop.tests.SearchTest -->
    </test> <!-- Search Test -->
    <test started-at="2024-07-01T19:47:40 IST" name="Subscribe Test" finished-at="2024-07-01T19:48:07 IST" duration-ms="26988">
      <class name="com.demowebshop.tests.SubscribeTest">
        <test-method is-config="true" signature="initializeDriver(java.lang.String)[pri:0, instance:com.demowebshop.tests.SubscribeTest@7354b8c5]" started-at="2024-07-01T19:47:40 IST" name="initializeDriver" finished-at="2024-07-01T19:47:49 IST" duration-ms="9035" status="PASS">
          <params>
            <param index="0">
              <value is-null="true"/>
            </param>
          </params>
          <reporter-output>
          </reporter-output>
        </test-method> <!-- initializeDriver -->
        <test-method signature="verifyUserIsAbleToSubscribeNewsLetter()[pri:0, instance:com.demowebshop.tests.SubscribeTest@7354b8c5]" started-at="2024-07-01T19:47:49 IST" name="verifyUserIsAbleToSubscribeNewsLetter" finished-at="2024-07-01T19:48:04 IST" duration-ms="14636" status="PASS">
          <reporter-output>
          </reporter-output>
        </test-method> <!-- verifyUserIsAbleToSubscribeNewsLetter -->
        <test-method is-config="true" signature="tearDown()[pri:0, instance:com.demowebshop.tests.SubscribeTest@7354b8c5]" started-at="2024-07-01T19:48:04 IST" name="tearDown" finished-at="2024-07-01T19:48:07 IST" duration-ms="3203" status="PASS">
          <reporter-output>
          </reporter-output>
        </test-method> <!-- tearDown -->
      </class> <!-- com.demowebshop.tests.SubscribeTest -->
    </test> <!-- Subscribe Test -->
    <test started-at="2024-07-01T19:47:40 IST" name="Registeration Test DP" finished-at="2024-07-01T19:48:09 IST" duration-ms="29091">
      <class name="com.demowebshop.tests.RegisterationDP">
        <test-method is-config="true" signature="initializeDriver(java.lang.String)[pri:0, instance:com.demowebshop.tests.RegisterationDP@1787bc24]" started-at="2024-07-01T19:47:40 IST" name="initializeDriver" finished-at="2024-07-01T19:47:51 IST" duration-ms="10477" status="PASS">
          <params>
            <param index="0">
              <value is-null="true"/>
            </param>
          </params>
          <reporter-output>
          </reporter-output>
        </test-method> <!-- initializeDriver -->
        <test-method signature="verifyUserIsAbleToRegisterThroughDP(java.lang.String,java.lang.String,java.lang.String,java.lang.String)[pri:0, instance:com.demowebshop.tests.RegisterationDP@1787bc24]" started-at="2024-07-01T19:47:51 IST" name="verifyUserIsAbleToRegisterThroughDP" data-provider="getData" finished-at="2024-07-01T19:48:00 IST" duration-ms="9249" status="PASS">
          <params>
            <param index="0">
              <value>
                <![CDATA[Ariana]]>
              </value>
            </param>
            <param index="1">
              <value>
                <![CDATA[Stokes]]>
              </value>
            </param>
            <param index="2">
              <value>
                <![CDATA[domingo.windler@yahoo.com]]>
              </value>
            </param>
            <param index="3">
              <value>
                <![CDATA[0sufp5x3s]]>
              </value>
            </param>
          </params>
          <reporter-output>
          </reporter-output>
        </test-method> <!-- verifyUserIsAbleToRegisterThroughDP -->
        <test-method is-config="true" signature="tearDown()[pri:0, instance:com.demowebshop.tests.RegisterationDP@1787bc24]" started-at="2024-07-01T19:48:00 IST" name="tearDown" finished-at="2024-07-01T19:48:09 IST" duration-ms="8878" status="PASS">
          <reporter-output>
          </reporter-output>
        </test-method> <!-- tearDown -->
      </class> <!-- com.demowebshop.tests.RegisterationDP -->
    </test> <!-- Registeration Test DP -->
    <test started-at="2024-07-01T19:47:40 IST" name="Login Test" finished-at="2024-07-01T19:48:09 IST" duration-ms="29229">
      <class name="com.demowebshop.tests.LoginTest">
        <test-method is-config="true" signature="initializeDriver(java.lang.String)[pri:0, instance:com.demowebshop.tests.LoginTest@6531a794]" started-at="2024-07-01T19:47:40 IST" name="initializeDriver" finished-at="2024-07-01T19:47:52 IST" duration-ms="11637" status="PASS">
          <params>
            <param index="0">
              <value is-null="true"/>
            </param>
          </params>
          <reporter-output>
          </reporter-output>
        </test-method> <!-- initializeDriver -->
        <test-method signature="verifyUserIsAbleToLoginWithValidCreds()[pri:0, instance:com.demowebshop.tests.LoginTest@6531a794]" started-at="2024-07-01T19:47:52 IST" name="verifyUserIsAbleToLoginWithValidCreds" finished-at="2024-07-01T19:48:04 IST" duration-ms="12859" status="PASS">
          <reporter-output>
          </reporter-output>
        </test-method> <!-- verifyUserIsAbleToLoginWithValidCreds -->
        <test-method is-config="true" signature="tearDown()[pri:0, instance:com.demowebshop.tests.LoginTest@6531a794]" started-at="2024-07-01T19:48:04 IST" name="tearDown" finished-at="2024-07-01T19:48:09 IST" duration-ms="4617" status="PASS">
          <reporter-output>
          </reporter-output>
        </test-method> <!-- tearDown -->
      </class> <!-- com.demowebshop.tests.LoginTest -->
    </test> <!-- Login Test -->
    <test started-at="2024-07-01T19:47:40 IST" name="Registeration Test" finished-at="2024-07-01T19:48:09 IST" duration-ms="29370">
      <class name="com.demowebshop.tests.RegisterationTest">
        <test-method is-config="true" signature="initializeDriver(java.lang.String)[pri:0, instance:com.demowebshop.tests.RegisterationTest@12299890]" started-at="2024-07-01T19:47:40 IST" name="initializeDriver" finished-at="2024-07-01T19:47:51 IST" duration-ms="11250" status="PASS">
          <params>
            <param index="0">
              <value is-null="true"/>
            </param>
          </params>
          <reporter-output>
          </reporter-output>
        </test-method> <!-- initializeDriver -->
        <test-method signature="verifyUserIsAbleToRegisterWithValidCreds()[pri:0, instance:com.demowebshop.tests.RegisterationTest@12299890]" started-at="2024-07-01T19:47:51 IST" name="verifyUserIsAbleToRegisterWithValidCreds" finished-at="2024-07-01T19:48:07 IST" duration-ms="15787" status="PASS">
          <reporter-output>
          </reporter-output>
        </test-method> <!-- verifyUserIsAbleToRegisterWithValidCreds -->
        <test-method is-config="true" signature="tearDown()[pri:0, instance:com.demowebshop.tests.RegisterationTest@12299890]" started-at="2024-07-01T19:48:07 IST" name="tearDown" finished-at="2024-07-01T19:48:09 IST" duration-ms="2237" status="PASS">
          <reporter-output>
          </reporter-output>
        </test-method> <!-- tearDown -->
      </class> <!-- com.demowebshop.tests.RegisterationTest -->
    </test> <!-- Registeration Test -->
    <test started-at="2024-07-01T19:47:40 IST" name="Excel Registeration Test" finished-at="2024-07-01T19:48:10 IST" duration-ms="30606">
      <class name="com.demowebshop.tests.DataRegisteration">
        <test-method is-config="true" signature="initializeDriver(java.lang.String)[pri:0, instance:com.demowebshop.tests.DataRegisteration@5a37d3ed]" started-at="2024-07-01T19:47:40 IST" name="initializeDriver" finished-at="2024-07-01T19:47:52 IST" duration-ms="12057" status="PASS">
          <params>
            <param index="0">
              <value is-null="true"/>
            </param>
          </params>
          <reporter-output>
          </reporter-output>
        </test-method> <!-- initializeDriver -->
        <test-method signature="verifyUserIsAbleToRegister()[pri:0, instance:com.demowebshop.tests.DataRegisteration@5a37d3ed]" started-at="2024-07-01T19:47:52 IST" name="verifyUserIsAbleToRegister" finished-at="2024-07-01T19:48:10 IST" duration-ms="18015" status="PASS">
          <reporter-output>
          </reporter-output>
        </test-method> <!-- verifyUserIsAbleToRegister -->
        <test-method is-config="true" signature="tearDown()[pri:0, instance:com.demowebshop.tests.DataRegisteration@5a37d3ed]" started-at="2024-07-01T19:48:10 IST" name="tearDown" finished-at="2024-07-01T19:48:10 IST" duration-ms="427" status="PASS">
          <reporter-output>
          </reporter-output>
        </test-method> <!-- tearDown -->
      </class> <!-- com.demowebshop.tests.DataRegisteration -->
    </test> <!-- Excel Registeration Test -->
    <test started-at="2024-07-01T19:48:04 IST" name="Purchase Test" finished-at="2024-07-01T19:48:18 IST" duration-ms="13554">
      <class name="com.demowebshop.tests.PurchaseTest">
        <test-method is-config="true" signature="initializeDriver(java.lang.String)[pri:0, instance:com.demowebshop.tests.PurchaseTest@52e7a6b2]" started-at="2024-07-01T19:48:04 IST" name="initializeDriver" finished-at="2024-07-01T19:48:11 IST" duration-ms="7238" status="PASS">
          <params>
            <param index="0">
              <value is-null="true"/>
            </param>
          </params>
          <reporter-output>
          </reporter-output>
        </test-method> <!-- initializeDriver -->
        <test-method signature="verifyUserIsAbleToBuyAProduct()[pri:0, instance:com.demowebshop.tests.PurchaseTest@52e7a6b2]" started-at="2024-07-01T19:48:11 IST" name="verifyUserIsAbleToBuyAProduct" finished-at="2024-07-01T19:48:17 IST" duration-ms="5998" status="PASS">
          <reporter-output>
          </reporter-output>
        </test-method> <!-- verifyUserIsAbleToBuyAProduct -->
        <test-method is-config="true" signature="tearDown()[pri:0, instance:com.demowebshop.tests.PurchaseTest@52e7a6b2]" started-at="2024-07-01T19:48:17 IST" name="tearDown" finished-at="2024-07-01T19:48:18 IST" duration-ms="313" status="PASS">
          <reporter-output>
          </reporter-output>
        </test-method> <!-- tearDown -->
      </class> <!-- com.demowebshop.tests.PurchaseTest -->
    </test> <!-- Purchase Test -->
  </suite> <!-- Suite -->
</testng-results>
