<?xml version="1.0" encoding="UTF-8"?>
<testng-results ignored="0" total="1" passed="1" failed="0" skipped="0">
  <reporter-output>
  </reporter-output>
  <suite started-at="2024-06-26T20:04:21 IST" name="Default suite" finished-at="2024-06-26T20:04:34 IST" duration-ms="12564">
    <groups>
    </groups>
    <test started-at="2024-06-26T20:04:21 IST" name="Default test" finished-at="2024-06-26T20:04:34 IST" duration-ms="12564">
      <class name="com.demowebshop.tests.PurchaseTest">
        <test-method is-config="true" signature="initializeDriver()[pri:0, instance:com.demowebshop.tests.PurchaseTest@2b662a77]" started-at="2024-06-26T20:04:21 IST" name="initializeDriver" finished-at="2024-06-26T20:04:27 IST" duration-ms="6259" status="PASS">
          <reporter-output>
          </reporter-output>
        </test-method> <!-- initializeDriver -->
        <test-method signature="verifyUserIsAbleToBuyAProduct()[pri:0, instance:com.demowebshop.tests.PurchaseTest@2b662a77]" started-at="2024-06-26T20:04:27 IST" name="verifyUserIsAbleToBuyAProduct" finished-at="2024-06-26T20:04:34 IST" duration-ms="6238" status="PASS">
          <reporter-output>
          </reporter-output>
        </test-method> <!-- verifyUserIsAbleToBuyAProduct -->
        <test-method is-config="true" signature="tearDown()[pri:0, instance:com.demowebshop.tests.PurchaseTest@2b662a77]" started-at="2024-06-26T20:04:34 IST" name="tearDown" finished-at="2024-06-26T20:04:34 IST" duration-ms="1" status="PASS">
          <reporter-output>
          </reporter-output>
        </test-method> <!-- tearDown -->
      </class> <!-- com.demowebshop.tests.PurchaseTest -->
    </test> <!-- Default test -->
  </suite> <!-- Default suite -->
</testng-results>
